<?xml version="1.0" encoding="UTF-8"?>
<testsuite xmlns:xsi="http://www.w3.org/2001/XMLSchema-instance" xsi:noNamespaceSchemaLocation="https://maven.apache.org/surefire/maven-surefire-plugin/xsd/surefire-test-report.xsd" name="com.laioffer.staybooking.StaybookingApplicationTests" time="4.042" tests="1" errors="0" skipped="0" failures="0">
  <properties>
    <property name="java.specification.version" value="17"/>
    <property name="sun.jnu.encoding" value="UTF-8"/>
    <property name="java.class.path" value="/Users/zhaofn/IdeaProjects/staybooking/target/test-classes:/Users/zhaofn/IdeaProjects/staybooking/target/classes:/Users/zhaofn/.m2/repository/org/springframework/boot/spring-boot-starter-data-jpa/2.7.14/spring-boot-starter-data-jpa-2.7.14.jar:/Users/zhaofn/.m2/repository/org/springframework/boot/spring-boot-starter-aop/2.7.14/spring-boot-starter-aop-2.7.14.jar:/Users/zhaofn/.m2/repository/org/aspectj/aspectjweaver/1.9.7/aspectjweaver-1.9.7.jar:/Users/zhaofn/.m2/repository/org/springframework/boot/spring-boot-starter-jdbc/2.7.14/spring-boot-starter-jdbc-2.7.14.jar:/Users/zhaofn/.m2/repository/com/zaxxer/HikariCP/4.0.3/HikariCP-4.0.3.jar:/Users/zhaofn/.m2/repository/org/springframework/spring-jdbc/5.3.29/spring-jdbc-5.3.29.jar:/Users/zhaofn/.m2/repository/jakarta/transaction/jakarta.transaction-api/1.3.3/jakarta.transaction-api-1.3.3.jar:/Users/zhaofn/.m2/repository/jakarta/persistence/jakarta.persistence-api/2.2.3/jakarta.persistence-api-2.2.3.jar:/Users/zhaofn/.m2/repository/org/hibernate/hibernate-core/5.6.15.Final/hibernate-core-5.6.15.Final.jar:/Users/zhaofn/.m2/repository/org/jboss/logging/jboss-logging/3.4.3.Final/jboss-logging-3.4.3.Final.jar:/Users/zhaofn/.m2/repository/net/bytebuddy/byte-buddy/1.12.23/byte-buddy-1.12.23.jar:/Users/zhaofn/.m2/repository/antlr/antlr/2.7.7/antlr-2.7.7.jar:/Users/zhaofn/.m2/repository/org/jboss/jandex/2.4.2.Final/jandex-2.4.2.Final.jar:/Users/zhaofn/.m2/repository/com/fasterxml/classmate/1.5.1/classmate-1.5.1.jar:/Users/zhaofn/.m2/repository/org/hibernate/common/hibernate-commons-annotations/5.1.2.Final/hibernate-commons-annotations-5.1.2.Final.jar:/Users/zhaofn/.m2/repository/org/glassfish/jaxb/jaxb-runtime/2.3.8/jaxb-runtime-2.3.8.jar:/Users/zhaofn/.m2/repository/org/glassfish/jaxb/txw2/2.3.8/txw2-2.3.8.jar:/Users/zhaofn/.m2/repository/com/sun/istack/istack-commons-runtime/3.0.12/istack-commons-runtime-3.0.12.jar:/Users/zhaofn/.m2/repository/com/sun/activation/jakarta.activation/1.2.2/jakarta.activation-1.2.2.jar:/Users/zhaofn/.m2/repository/org/springframework/data/spring-data-jpa/2.7.14/spring-data-jpa-2.7.14.jar:/Users/zhaofn/.m2/repository/org/springframework/data/spring-data-commons/2.7.14/spring-data-commons-2.7.14.jar:/Users/zhaofn/.m2/repository/org/springframework/spring-orm/5.3.29/spring-orm-5.3.29.jar:/Users/zhaofn/.m2/repository/org/springframework/spring-context/5.3.29/spring-context-5.3.29.jar:/Users/zhaofn/.m2/repository/org/springframework/spring-tx/5.3.29/spring-tx-5.3.29.jar:/Users/zhaofn/.m2/repository/org/springframework/spring-beans/5.3.29/spring-beans-5.3.29.jar:/Users/zhaofn/.m2/repository/org/springframework/spring-aspects/5.3.29/spring-aspects-5.3.29.jar:/Users/zhaofn/.m2/repository/org/springframework/boot/spring-boot-starter-security/2.7.14/spring-boot-starter-security-2.7.14.jar:/Users/zhaofn/.m2/repository/org/springframework/boot/spring-boot-starter/2.7.14/spring-boot-starter-2.7.14.jar:/Users/zhaofn/.m2/repository/org/springframework/boot/spring-boot/2.7.14/spring-boot-2.7.14.jar:/Users/zhaofn/.m2/repository/org/springframework/boot/spring-boot-autoconfigure/2.7.14/spring-boot-autoconfigure-2.7.14.jar:/Users/zhaofn/.m2/repository/org/springframework/boot/spring-boot-starter-logging/2.7.14/spring-boot-starter-logging-2.7.14.jar:/Users/zhaofn/.m2/repository/ch/qos/logback/logback-classic/1.2.12/logback-classic-1.2.12.jar:/Users/zhaofn/.m2/repository/ch/qos/logback/logback-core/1.2.12/logback-core-1.2.12.jar:/Users/zhaofn/.m2/repository/org/apache/logging/log4j/log4j-to-slf4j/2.17.2/log4j-to-slf4j-2.17.2.jar:/Users/zhaofn/.m2/repository/org/apache/logging/log4j/log4j-api/2.17.2/log4j-api-2.17.2.jar:/Users/zhaofn/.m2/repository/org/slf4j/jul-to-slf4j/1.7.36/jul-to-slf4j-1.7.36.jar:/Users/zhaofn/.m2/repository/jakarta/annotation/jakarta.annotation-api/1.3.5/jakarta.annotation-api-1.3.5.jar:/Users/zhaofn/.m2/repository/org/yaml/snakeyaml/1.30/snakeyaml-1.30.jar:/Users/zhaofn/.m2/repository/org/springframework/spring-aop/5.3.29/spring-aop-5.3.29.jar:/Users/zhaofn/.m2/repository/org/springframework/security/spring-security-config/5.7.10/spring-security-config-5.7.10.jar:/Users/zhaofn/.m2/repository/org/springframework/security/spring-security-web/5.7.10/spring-security-web-5.7.10.jar:/Users/zhaofn/.m2/repository/org/springframework/spring-expression/5.3.29/spring-expression-5.3.29.jar:/Users/zhaofn/.m2/repository/org/springframework/boot/spring-boot-starter-web/2.7.14/spring-boot-starter-web-2.7.14.jar:/Users/zhaofn/.m2/repository/org/springframework/boot/spring-boot-starter-json/2.7.14/spring-boot-starter-json-2.7.14.jar:/Users/zhaofn/.m2/repository/com/fasterxml/jackson/datatype/jackson-datatype-jdk8/2.13.5/jackson-datatype-jdk8-2.13.5.jar:/Users/zhaofn/.m2/repository/com/fasterxml/jackson/datatype/jackson-datatype-jsr310/2.13.5/jackson-datatype-jsr310-2.13.5.jar:/Users/zhaofn/.m2/repository/com/fasterxml/jackson/module/jackson-module-parameter-names/2.13.5/jackson-module-parameter-names-2.13.5.jar:/Users/zhaofn/.m2/repository/org/springframework/boot/spring-boot-starter-tomcat/2.7.14/spring-boot-starter-tomcat-2.7.14.jar:/Users/zhaofn/.m2/repository/org/apache/tomcat/embed/tomcat-embed-core/9.0.78/tomcat-embed-core-9.0.78.jar:/Users/zhaofn/.m2/repository/org/apache/tomcat/embed/tomcat-embed-el/9.0.78/tomcat-embed-el-9.0.78.jar:/Users/zhaofn/.m2/repository/org/apache/tomcat/embed/tomcat-embed-websocket/9.0.78/tomcat-embed-websocket-9.0.78.jar:/Users/zhaofn/.m2/repository/org/springframework/spring-web/5.3.29/spring-web-5.3.29.jar:/Users/zhaofn/.m2/repository/org/springframework/spring-webmvc/5.3.29/spring-webmvc-5.3.29.jar:/Users/zhaofn/.m2/repository/com/mysql/mysql-connector-j/8.0.33/mysql-connector-j-8.0.33.jar:/Users/zhaofn/.m2/repository/org/springframework/boot/spring-boot-starter-test/2.7.14/spring-boot-starter-test-2.7.14.jar:/Users/zhaofn/.m2/repository/org/springframework/boot/spring-boot-test/2.7.14/spring-boot-test-2.7.14.jar:/Users/zhaofn/.m2/repository/org/springframework/boot/spring-boot-test-autoconfigure/2.7.14/spring-boot-test-autoconfigure-2.7.14.jar:/Users/zhaofn/.m2/repository/com/jayway/jsonpath/json-path/2.7.0/json-path-2.7.0.jar:/Users/zhaofn/.m2/repository/net/minidev/json-smart/2.4.11/json-smart-2.4.11.jar:/Users/zhaofn/.m2/repository/net/minidev/accessors-smart/2.4.11/accessors-smart-2.4.11.jar:/Users/zhaofn/.m2/repository/org/ow2/asm/asm/9.3/asm-9.3.jar:/Users/zhaofn/.m2/repository/jakarta/xml/bind/jakarta.xml.bind-api/2.3.3/jakarta.xml.bind-api-2.3.3.jar:/Users/zhaofn/.m2/repository/jakarta/activation/jakarta.activation-api/1.2.2/jakarta.activation-api-1.2.2.jar:/Users/zhaofn/.m2/repository/org/assertj/assertj-core/3.22.0/assertj-core-3.22.0.jar:/Users/zhaofn/.m2/repository/org/hamcrest/hamcrest/2.2/hamcrest-2.2.jar:/Users/zhaofn/.m2/repository/org/junit/jupiter/junit-jupiter/5.8.2/junit-jupiter-5.8.2.jar:/Users/zhaofn/.m2/repository/org/junit/jupiter/junit-jupiter-api/5.8.2/junit-jupiter-api-5.8.2.jar:/Users/zhaofn/.m2/repository/org/opentest4j/opentest4j/1.2.0/opentest4j-1.2.0.jar:/Users/zhaofn/.m2/repository/org/junit/platform/junit-platform-commons/1.8.2/junit-platform-commons-1.8.2.jar:/Users/zhaofn/.m2/repository/org/apiguardian/apiguardian-api/1.1.2/apiguardian-api-1.1.2.jar:/Users/zhaofn/.m2/repository/org/junit/jupiter/junit-jupiter-params/5.8.2/junit-jupiter-params-5.8.2.jar:/Users/zhaofn/.m2/repository/org/junit/jupiter/junit-jupiter-engine/5.8.2/junit-jupiter-engine-5.8.2.jar:/Users/zhaofn/.m2/repository/org/junit/platform/junit-platform-engine/1.8.2/junit-platform-engine-1.8.2.jar:/Users/zhaofn/.m2/repository/org/mockito/mockito-core/4.5.1/mockito-core-4.5.1.jar:/Users/zhaofn/.m2/repository/net/bytebuddy/byte-buddy-agent/1.12.23/byte-buddy-agent-1.12.23.jar:/Users/zhaofn/.m2/repository/org/objenesis/objenesis/3.2/objenesis-3.2.jar:/Users/zhaofn/.m2/repository/org/mockito/mockito-junit-jupiter/4.5.1/mockito-junit-jupiter-4.5.1.jar:/Users/zhaofn/.m2/repository/org/skyscreamer/jsonassert/1.5.1/jsonassert-1.5.1.jar:/Users/zhaofn/.m2/repository/com/vaadin/external/google/android-json/0.0.20131108.vaadin1/android-json-0.0.20131108.vaadin1.jar:/Users/zhaofn/.m2/repository/org/springframework/spring-core/5.3.29/spring-core-5.3.29.jar:/Users/zhaofn/.m2/repository/org/springframework/spring-jcl/5.3.29/spring-jcl-5.3.29.jar:/Users/zhaofn/.m2/repository/org/springframework/spring-test/5.3.29/spring-test-5.3.29.jar:/Users/zhaofn/.m2/repository/org/xmlunit/xmlunit-core/2.9.1/xmlunit-core-2.9.1.jar:/Users/zhaofn/.m2/repository/org/springframework/security/spring-security-test/5.7.10/spring-security-test-5.7.10.jar:/Users/zhaofn/.m2/repository/org/springframework/security/spring-security-core/5.7.10/spring-security-core-5.7.10.jar:/Users/zhaofn/.m2/repository/org/springframework/security/spring-security-crypto/5.7.10/spring-security-crypto-5.7.10.jar:/Users/zhaofn/.m2/repository/io/jsonwebtoken/jjwt/0.9.1/jjwt-0.9.1.jar:/Users/zhaofn/.m2/repository/com/fasterxml/jackson/core/jackson-databind/2.13.5/jackson-databind-2.13.5.jar:/Users/zhaofn/.m2/repository/com/fasterxml/jackson/core/jackson-annotations/2.13.5/jackson-annotations-2.13.5.jar:/Users/zhaofn/.m2/repository/com/google/cloud/google-cloud-storage/2.22.2/google-cloud-storage-2.22.2.jar:/Users/zhaofn/.m2/repository/com/google/guava/guava/31.1-jre/guava-31.1-jre.jar:/Users/zhaofn/.m2/repository/com/google/guava/failureaccess/1.0.1/failureaccess-1.0.1.jar:/Users/zhaofn/.m2/repository/com/google/guava/listenablefuture/9999.0-empty-to-avoid-conflict-with-guava/listenablefuture-9999.0-empty-to-avoid-conflict-with-guava.jar:/Users/zhaofn/.m2/repository/com/google/errorprone/error_prone_annotations/2.18.0/error_prone_annotations-2.18.0.jar:/Users/zhaofn/.m2/repository/com/google/j2objc/j2objc-annotations/1.3/j2objc-annotations-1.3.jar:/Users/zhaofn/.m2/repository/com/google/http-client/google-http-client/1.43.1/google-http-client-1.43.1.jar:/Users/zhaofn/.m2/repository/io/opencensus/opencensus-contrib-http-util/0.31.1/opencensus-contrib-http-util-0.31.1.jar:/Users/zhaofn/.m2/repository/com/google/http-client/google-http-client-jackson2/1.43.1/google-http-client-jackson2-1.43.1.jar:/Users/zhaofn/.m2/repository/com/google/http-client/google-http-client-gson/1.43.1/google-http-client-gson-1.43.1.jar:/Users/zhaofn/.m2/repository/com/google/api-client/google-api-client/2.2.0/google-api-client-2.2.0.jar:/Users/zhaofn/.m2/repository/commons-codec/commons-codec/1.15/commons-codec-1.15.jar:/Users/zhaofn/.m2/repository/com/google/oauth-client/google-oauth-client/1.34.1/google-oauth-client-1.34.1.jar:/Users/zhaofn/.m2/repository/com/google/http-client/google-http-client-apache-v2/1.43.1/google-http-client-apache-v2-1.43.1.jar:/Users/zhaofn/.m2/repository/com/google/apis/google-api-services-storage/v1-rev20230301-2.0.0/google-api-services-storage-v1-rev20230301-2.0.0.jar:/Users/zhaofn/.m2/repository/com/google/code/gson/gson/2.9.1/gson-2.9.1.jar:/Users/zhaofn/.m2/repository/com/google/cloud/google-cloud-core/2.17.0/google-cloud-core-2.17.0.jar:/Users/zhaofn/.m2/repository/com/google/auto/value/auto-value-annotations/1.10.1/auto-value-annotations-1.10.1.jar:/Users/zhaofn/.m2/repository/com/google/cloud/google-cloud-core-http/2.17.0/google-cloud-core-http-2.17.0.jar:/Users/zhaofn/.m2/repository/com/google/http-client/google-http-client-appengine/1.43.1/google-http-client-appengine-1.43.1.jar:/Users/zhaofn/.m2/repository/com/google/api/gax-httpjson/0.112.0/gax-httpjson-0.112.0.jar:/Users/zhaofn/.m2/repository/com/google/cloud/google-cloud-core-grpc/2.17.0/google-cloud-core-grpc-2.17.0.jar:/Users/zhaofn/.m2/repository/com/google/api/gax/2.27.0/gax-2.27.0.jar:/Users/zhaofn/.m2/repository/com/google/api/gax-grpc/2.27.0/gax-grpc-2.27.0.jar:/Users/zhaofn/.m2/repository/io/grpc/grpc-alts/1.54.0/grpc-alts-1.54.0.jar:/Users/zhaofn/.m2/repository/io/grpc/grpc-grpclb/1.54.0/grpc-grpclb-1.54.0.jar:/Users/zhaofn/.m2/repository/org/conscrypt/conscrypt-openjdk-uber/2.5.2/conscrypt-openjdk-uber-2.5.2.jar:/Users/zhaofn/.m2/repository/io/grpc/grpc-auth/1.54.0/grpc-auth-1.54.0.jar:/Users/zhaofn/.m2/repository/io/grpc/grpc-protobuf/1.54.0/grpc-protobuf-1.54.0.jar:/Users/zhaofn/.m2/repository/io/grpc/grpc-protobuf-lite/1.54.0/grpc-protobuf-lite-1.54.0.jar:/Users/zhaofn/.m2/repository/com/google/auth/google-auth-library-credentials/1.16.0/google-auth-library-credentials-1.16.0.jar:/Users/zhaofn/.m2/repository/com/google/auth/google-auth-library-oauth2-http/1.16.0/google-auth-library-oauth2-http-1.16.0.jar:/Users/zhaofn/.m2/repository/com/google/api/api-common/2.10.0/api-common-2.10.0.jar:/Users/zhaofn/.m2/repository/javax/annotation/javax.annotation-api/1.3.2/javax.annotation-api-1.3.2.jar:/Users/zhaofn/.m2/repository/io/opencensus/opencensus-api/0.31.1/opencensus-api-0.31.1.jar:/Users/zhaofn/.m2/repository/io/grpc/grpc-context/1.54.0/grpc-context-1.54.0.jar:/Users/zhaofn/.m2/repository/com/google/api/grpc/proto-google-iam-v1/1.13.0/proto-google-iam-v1-1.13.0.jar:/Users/zhaofn/.m2/repository/com/google/protobuf/protobuf-java/3.21.12/protobuf-java-3.21.12.jar:/Users/zhaofn/.m2/repository/com/google/protobuf/protobuf-java-util/3.21.12/protobuf-java-util-3.21.12.jar:/Users/zhaofn/.m2/repository/com/google/api/grpc/proto-google-common-protos/2.18.0/proto-google-common-protos-2.18.0.jar:/Users/zhaofn/.m2/repository/org/threeten/threetenbp/1.6.8/threetenbp-1.6.8.jar:/Users/zhaofn/.m2/repository/com/google/api/grpc/proto-google-cloud-storage-v2/2.22.2-alpha/proto-google-cloud-storage-v2-2.22.2-alpha.jar:/Users/zhaofn/.m2/repository/com/google/api/grpc/grpc-google-cloud-storage-v2/2.22.2-alpha/grpc-google-cloud-storage-v2-2.22.2-alpha.jar:/Users/zhaofn/.m2/repository/com/google/api/grpc/gapic-google-cloud-storage-v2/2.22.2-alpha/gapic-google-cloud-storage-v2-2.22.2-alpha.jar:/Users/zhaofn/.m2/repository/com/fasterxml/jackson/core/jackson-core/2.13.5/jackson-core-2.13.5.jar:/Users/zhaofn/.m2/repository/com/google/code/findbugs/jsr305/3.0.2/jsr305-3.0.2.jar:/Users/zhaofn/.m2/repository/io/grpc/grpc-api/1.54.0/grpc-api-1.54.0.jar:/Users/zhaofn/.m2/repository/io/grpc/grpc-netty-shaded/1.54.0/grpc-netty-shaded-1.54.0.jar:/Users/zhaofn/.m2/repository/io/perfmark/perfmark-api/0.26.0/perfmark-api-0.26.0.jar:/Users/zhaofn/.m2/repository/io/grpc/grpc-core/1.54.0/grpc-core-1.54.0.jar:/Users/zhaofn/.m2/repository/com/google/android/annotations/4.1.1.4/annotations-4.1.1.4.jar:/Users/zhaofn/.m2/repository/org/codehaus/mojo/animal-sniffer-annotations/1.23/animal-sniffer-annotations-1.23.jar:/Users/zhaofn/.m2/repository/io/grpc/grpc-stub/1.54.0/grpc-stub-1.54.0.jar:/Users/zhaofn/.m2/repository/io/grpc/grpc-googleapis/1.54.0/grpc-googleapis-1.54.0.jar:/Users/zhaofn/.m2/repository/org/checkerframework/checker-qual/3.32.0/checker-qual-3.32.0.jar:/Users/zhaofn/.m2/repository/io/grpc/grpc-xds/1.54.0/grpc-xds-1.54.0.jar:/Users/zhaofn/.m2/repository/io/opencensus/opencensus-proto/0.2.0/opencensus-proto-0.2.0.jar:/Users/zhaofn/.m2/repository/io/grpc/grpc-services/1.54.0/grpc-services-1.54.0.jar:/Users/zhaofn/.m2/repository/com/google/re2j/re2j/1.6/re2j-1.6.jar:/Users/zhaofn/.m2/repository/io/grpc/grpc-rls/1.54.0/grpc-rls-1.54.0.jar:/Users/zhaofn/.m2/repository/org/springframework/boot/spring-boot-starter-data-elasticsearch/2.7.14/spring-boot-starter-data-elasticsearch-2.7.14.jar:/Users/zhaofn/.m2/repository/org/springframework/data/spring-data-elasticsearch/4.4.14/spring-data-elasticsearch-4.4.14.jar:/Users/zhaofn/.m2/repository/org/elasticsearch/client/elasticsearch-rest-high-level-client/7.17.11/elasticsearch-rest-high-level-client-7.17.11.jar:/Users/zhaofn/.m2/repository/org/elasticsearch/elasticsearch/7.17.11/elasticsearch-7.17.11.jar:/Users/zhaofn/.m2/repository/org/elasticsearch/elasticsearch-core/7.17.11/elasticsearch-core-7.17.11.jar:/Users/zhaofn/.m2/repository/org/elasticsearch/elasticsearch-secure-sm/7.17.11/elasticsearch-secure-sm-7.17.11.jar:/Users/zhaofn/.m2/repository/org/elasticsearch/elasticsearch-x-content/7.17.11/elasticsearch-x-content-7.17.11.jar:/Users/zhaofn/.m2/repository/com/fasterxml/jackson/dataformat/jackson-dataformat-smile/2.13.5/jackson-dataformat-smile-2.13.5.jar:/Users/zhaofn/.m2/repository/com/fasterxml/jackson/dataformat/jackson-dataformat-yaml/2.13.5/jackson-dataformat-yaml-2.13.5.jar:/Users/zhaofn/.m2/repository/com/fasterxml/jackson/dataformat/jackson-dataformat-cbor/2.13.5/jackson-dataformat-cbor-2.13.5.jar:/Users/zhaofn/.m2/repository/org/elasticsearch/elasticsearch-geo/7.17.11/elasticsearch-geo-7.17.11.jar:/Users/zhaofn/.m2/repository/org/elasticsearch/elasticsearch-lz4/7.17.11/elasticsearch-lz4-7.17.11.jar:/Users/zhaofn/.m2/repository/org/lz4/lz4-java/1.8.0/lz4-java-1.8.0.jar:/Users/zhaofn/.m2/repository/org/apache/lucene/lucene-core/8.11.1/lucene-core-8.11.1.jar:/Users/zhaofn/.m2/repository/org/apache/lucene/lucene-analyzers-common/8.11.1/lucene-analyzers-common-8.11.1.jar:/Users/zhaofn/.m2/repository/org/apache/lucene/lucene-backward-codecs/8.11.1/lucene-backward-codecs-8.11.1.jar:/Users/zhaofn/.m2/repository/org/apache/lucene/lucene-grouping/8.11.1/lucene-grouping-8.11.1.jar:/Users/zhaofn/.m2/repository/org/apache/lucene/lucene-highlighter/8.11.1/lucene-highlighter-8.11.1.jar:/Users/zhaofn/.m2/repository/org/apache/lucene/lucene-join/8.11.1/lucene-join-8.11.1.jar:/Users/zhaofn/.m2/repository/org/apache/lucene/lucene-memory/8.11.1/lucene-memory-8.11.1.jar:/Users/zhaofn/.m2/repository/org/apache/lucene/lucene-misc/8.11.1/lucene-misc-8.11.1.jar:/Users/zhaofn/.m2/repository/org/apache/lucene/lucene-queries/8.11.1/lucene-queries-8.11.1.jar:/Users/zhaofn/.m2/repository/org/apache/lucene/lucene-queryparser/8.11.1/lucene-queryparser-8.11.1.jar:/Users/zhaofn/.m2/repository/org/apache/lucene/lucene-sandbox/8.11.1/lucene-sandbox-8.11.1.jar:/Users/zhaofn/.m2/repository/org/apache/lucene/lucene-spatial3d/8.11.1/lucene-spatial3d-8.11.1.jar:/Users/zhaofn/.m2/repository/org/apache/lucene/lucene-suggest/8.11.1/lucene-suggest-8.11.1.jar:/Users/zhaofn/.m2/repository/org/elasticsearch/elasticsearch-cli/7.17.11/elasticsearch-cli-7.17.11.jar:/Users/zhaofn/.m2/repository/net/sf/jopt-simple/jopt-simple/5.0.2/jopt-simple-5.0.2.jar:/Users/zhaofn/.m2/repository/com/carrotsearch/hppc/0.8.1/hppc-0.8.1.jar:/Users/zhaofn/.m2/repository/joda-time/joda-time/2.10.10/joda-time-2.10.10.jar:/Users/zhaofn/.m2/repository/com/tdunning/t-digest/3.2/t-digest-3.2.jar:/Users/zhaofn/.m2/repository/org/hdrhistogram/HdrHistogram/2.1.9/HdrHistogram-2.1.9.jar:/Users/zhaofn/.m2/repository/net/java/dev/jna/jna/5.10.0/jna-5.10.0.jar:/Users/zhaofn/.m2/repository/org/elasticsearch/elasticsearch-plugin-classloader/7.17.11/elasticsearch-plugin-classloader-7.17.11.jar:/Users/zhaofn/.m2/repository/org/elasticsearch/plugin/mapper-extras-client/7.17.11/mapper-extras-client-7.17.11.jar:/Users/zhaofn/.m2/repository/org/elasticsearch/plugin/parent-join-client/7.17.11/parent-join-client-7.17.11.jar:/Users/zhaofn/.m2/repository/org/elasticsearch/plugin/aggs-matrix-stats-client/7.17.11/aggs-matrix-stats-client-7.17.11.jar:/Users/zhaofn/.m2/repository/org/elasticsearch/plugin/rank-eval-client/7.17.11/rank-eval-client-7.17.11.jar:/Users/zhaofn/.m2/repository/org/elasticsearch/plugin/lang-mustache-client/7.17.11/lang-mustache-client-7.17.11.jar:/Users/zhaofn/.m2/repository/com/github/spullara/mustache/java/compiler/0.9.6/compiler-0.9.6.jar:/Users/zhaofn/.m2/repository/co/elastic/clients/elasticsearch-java/7.17.9/elasticsearch-java-7.17.9.jar:/Users/zhaofn/.m2/repository/jakarta/json/jakarta.json-api/1.1.6/jakarta.json-api-1.1.6.jar:/Users/zhaofn/.m2/repository/org/eclipse/parsson/parsson/1.0.0/parsson-1.0.0.jar:/Users/zhaofn/.m2/repository/org/elasticsearch/client/elasticsearch-rest-client/7.17.11/elasticsearch-rest-client-7.17.11.jar:/Users/zhaofn/.m2/repository/org/apache/httpcomponents/httpclient/4.5.14/httpclient-4.5.14.jar:/Users/zhaofn/.m2/repository/org/apache/httpcomponents/httpcore/4.4.16/httpcore-4.4.16.jar:/Users/zhaofn/.m2/repository/org/apache/httpcomponents/httpasyncclient/4.1.5/httpasyncclient-4.1.5.jar:/Users/zhaofn/.m2/repository/org/apache/httpcomponents/httpcore-nio/4.4.16/httpcore-nio-4.4.16.jar:/Users/zhaofn/.m2/repository/com/google/maps/google-maps-services/0.18.1/google-maps-services-0.18.1.jar:/Users/zhaofn/.m2/repository/com/squareup/okhttp3/okhttp/4.9.3/okhttp-4.9.3.jar:/Users/zhaofn/.m2/repository/com/squareup/okio/okio/2.8.0/okio-2.8.0.jar:/Users/zhaofn/.m2/repository/org/jetbrains/kotlin/kotlin-stdlib-common/1.6.21/kotlin-stdlib-common-1.6.21.jar:/Users/zhaofn/.m2/repository/org/jetbrains/kotlin/kotlin-stdlib/1.6.21/kotlin-stdlib-1.6.21.jar:/Users/zhaofn/.m2/repository/org/jetbrains/annotations/13.0/annotations-13.0.jar:/Users/zhaofn/.m2/repository/org/slf4j/slf4j-api/1.7.36/slf4j-api-1.7.36.jar:"/>
    <property name="java.vm.vendor" value="Amazon.com Inc."/>
    <property name="sun.arch.data.model" value="64"/>
    <property name="java.vendor.url" value="https://aws.amazon.com/corretto/"/>
    <property name="os.name" value="Mac OS X"/>
    <property name="java.vm.specification.version" value="17"/>
    <property name="sun.java.launcher" value="SUN_STANDARD"/>
    <property name="user.country" value="US"/>
    <property name="sun.boot.library.path" value="/Users/zhaofn/Library/Java/JavaVirtualMachines/corretto-17.0.7/Contents/Home/lib"/>
    <property name="sun.java.command" value="/Users/zhaofn/IdeaProjects/staybooking/target/surefire/surefirebooter5669570896917535369.jar /Users/zhaofn/IdeaProjects/staybooking/target/surefire 2023-08-05T12-05-35_553-jvmRun1 surefire5872946899753946900tmp surefire_03816095773624230982tmp"/>
    <property name="http.nonProxyHosts" value="local|*.local|169.254/16|*.169.254/16"/>
    <property name="jdk.debug" value="release"/>
    <property name="surefire.test.class.path" value="/Users/zhaofn/IdeaProjects/staybooking/target/test-classes:/Users/zhaofn/IdeaProjects/staybooking/target/classes:/Users/zhaofn/.m2/repository/org/springframework/boot/spring-boot-starter-data-jpa/2.7.14/spring-boot-starter-data-jpa-2.7.14.jar:/Users/zhaofn/.m2/repository/org/springframework/boot/spring-boot-starter-aop/2.7.14/spring-boot-starter-aop-2.7.14.jar:/Users/zhaofn/.m2/repository/org/aspectj/aspectjweaver/1.9.7/aspectjweaver-1.9.7.jar:/Users/zhaofn/.m2/repository/org/springframework/boot/spring-boot-starter-jdbc/2.7.14/spring-boot-starter-jdbc-2.7.14.jar:/Users/zhaofn/.m2/repository/com/zaxxer/HikariCP/4.0.3/HikariCP-4.0.3.jar:/Users/zhaofn/.m2/repository/org/springframework/spring-jdbc/5.3.29/spring-jdbc-5.3.29.jar:/Users/zhaofn/.m2/repository/jakarta/transaction/jakarta.transaction-api/1.3.3/jakarta.transaction-api-1.3.3.jar:/Users/zhaofn/.m2/repository/jakarta/persistence/jakarta.persistence-api/2.2.3/jakarta.persistence-api-2.2.3.jar:/Users/zhaofn/.m2/repository/org/hibernate/hibernate-core/5.6.15.Final/hibernate-core-5.6.15.Final.jar:/Users/zhaofn/.m2/repository/org/jboss/logging/jboss-logging/3.4.3.Final/jboss-logging-3.4.3.Final.jar:/Users/zhaofn/.m2/repository/net/bytebuddy/byte-buddy/1.12.23/byte-buddy-1.12.23.jar:/Users/zhaofn/.m2/repository/antlr/antlr/2.7.7/antlr-2.7.7.jar:/Users/zhaofn/.m2/repository/org/jboss/jandex/2.4.2.Final/jandex-2.4.2.Final.jar:/Users/zhaofn/.m2/repository/com/fasterxml/classmate/1.5.1/classmate-1.5.1.jar:/Users/zhaofn/.m2/repository/org/hibernate/common/hibernate-commons-annotations/5.1.2.Final/hibernate-commons-annotations-5.1.2.Final.jar:/Users/zhaofn/.m2/repository/org/glassfish/jaxb/jaxb-runtime/2.3.8/jaxb-runtime-2.3.8.jar:/Users/zhaofn/.m2/repository/org/glassfish/jaxb/txw2/2.3.8/txw2-2.3.8.jar:/Users/zhaofn/.m2/repository/com/sun/istack/istack-commons-runtime/3.0.12/istack-commons-runtime-3.0.12.jar:/Users/zhaofn/.m2/repository/com/sun/activation/jakarta.activation/1.2.2/jakarta.activation-1.2.2.jar:/Users/zhaofn/.m2/repository/org/springframework/data/spring-data-jpa/2.7.14/spring-data-jpa-2.7.14.jar:/Users/zhaofn/.m2/repository/org/springframework/data/spring-data-commons/2.7.14/spring-data-commons-2.7.14.jar:/Users/zhaofn/.m2/repository/org/springframework/spring-orm/5.3.29/spring-orm-5.3.29.jar:/Users/zhaofn/.m2/repository/org/springframework/spring-context/5.3.29/spring-context-5.3.29.jar:/Users/zhaofn/.m2/repository/org/springframework/spring-tx/5.3.29/spring-tx-5.3.29.jar:/Users/zhaofn/.m2/repository/org/springframework/spring-beans/5.3.29/spring-beans-5.3.29.jar:/Users/zhaofn/.m2/repository/org/springframework/spring-aspects/5.3.29/spring-aspects-5.3.29.jar:/Users/zhaofn/.m2/repository/org/springframework/boot/spring-boot-starter-security/2.7.14/spring-boot-starter-security-2.7.14.jar:/Users/zhaofn/.m2/repository/org/springframework/boot/spring-boot-starter/2.7.14/spring-boot-starter-2.7.14.jar:/Users/zhaofn/.m2/repository/org/springframework/boot/spring-boot/2.7.14/spring-boot-2.7.14.jar:/Users/zhaofn/.m2/repository/org/springframework/boot/spring-boot-autoconfigure/2.7.14/spring-boot-autoconfigure-2.7.14.jar:/Users/zhaofn/.m2/repository/org/springframework/boot/spring-boot-starter-logging/2.7.14/spring-boot-starter-logging-2.7.14.jar:/Users/zhaofn/.m2/repository/ch/qos/logback/logback-classic/1.2.12/logback-classic-1.2.12.jar:/Users/zhaofn/.m2/repository/ch/qos/logback/logback-core/1.2.12/logback-core-1.2.12.jar:/Users/zhaofn/.m2/repository/org/apache/logging/log4j/log4j-to-slf4j/2.17.2/log4j-to-slf4j-2.17.2.jar:/Users/zhaofn/.m2/repository/org/apache/logging/log4j/log4j-api/2.17.2/log4j-api-2.17.2.jar:/Users/zhaofn/.m2/repository/org/slf4j/jul-to-slf4j/1.7.36/jul-to-slf4j-1.7.36.jar:/Users/zhaofn/.m2/repository/jakarta/annotation/jakarta.annotation-api/1.3.5/jakarta.annotation-api-1.3.5.jar:/Users/zhaofn/.m2/repository/org/yaml/snakeyaml/1.30/snakeyaml-1.30.jar:/Users/zhaofn/.m2/repository/org/springframework/spring-aop/5.3.29/spring-aop-5.3.29.jar:/Users/zhaofn/.m2/repository/org/springframework/security/spring-security-config/5.7.10/spring-security-config-5.7.10.jar:/Users/zhaofn/.m2/repository/org/springframework/security/spring-security-web/5.7.10/spring-security-web-5.7.10.jar:/Users/zhaofn/.m2/repository/org/springframework/spring-expression/5.3.29/spring-expression-5.3.29.jar:/Users/zhaofn/.m2/repository/org/springframework/boot/spring-boot-starter-web/2.7.14/spring-boot-starter-web-2.7.14.jar:/Users/zhaofn/.m2/repository/org/springframework/boot/spring-boot-starter-json/2.7.14/spring-boot-starter-json-2.7.14.jar:/Users/zhaofn/.m2/repository/com/fasterxml/jackson/datatype/jackson-datatype-jdk8/2.13.5/jackson-datatype-jdk8-2.13.5.jar:/Users/zhaofn/.m2/repository/com/fasterxml/jackson/datatype/jackson-datatype-jsr310/2.13.5/jackson-datatype-jsr310-2.13.5.jar:/Users/zhaofn/.m2/repository/com/fasterxml/jackson/module/jackson-module-parameter-names/2.13.5/jackson-module-parameter-names-2.13.5.jar:/Users/zhaofn/.m2/repository/org/springframework/boot/spring-boot-starter-tomcat/2.7.14/spring-boot-starter-tomcat-2.7.14.jar:/Users/zhaofn/.m2/repository/org/apache/tomcat/embed/tomcat-embed-core/9.0.78/tomcat-embed-core-9.0.78.jar:/Users/zhaofn/.m2/repository/org/apache/tomcat/embed/tomcat-embed-el/9.0.78/tomcat-embed-el-9.0.78.jar:/Users/zhaofn/.m2/repository/org/apache/tomcat/embed/tomcat-embed-websocket/9.0.78/tomcat-embed-websocket-9.0.78.jar:/Users/zhaofn/.m2/repository/org/springframework/spring-web/5.3.29/spring-web-5.3.29.jar:/Users/zhaofn/.m2/repository/org/springframework/spring-webmvc/5.3.29/spring-webmvc-5.3.29.jar:/Users/zhaofn/.m2/repository/com/mysql/mysql-connector-j/8.0.33/mysql-connector-j-8.0.33.jar:/Users/zhaofn/.m2/repository/org/springframework/boot/spring-boot-starter-test/2.7.14/spring-boot-starter-test-2.7.14.jar:/Users/zhaofn/.m2/repository/org/springframework/boot/spring-boot-test/2.7.14/spring-boot-test-2.7.14.jar:/Users/zhaofn/.m2/repository/org/springframework/boot/spring-boot-test-autoconfigure/2.7.14/spring-boot-test-autoconfigure-2.7.14.jar:/Users/zhaofn/.m2/repository/com/jayway/jsonpath/json-path/2.7.0/json-path-2.7.0.jar:/Users/zhaofn/.m2/repository/net/minidev/json-smart/2.4.11/json-smart-2.4.11.jar:/Users/zhaofn/.m2/repository/net/minidev/accessors-smart/2.4.11/accessors-smart-2.4.11.jar:/Users/zhaofn/.m2/repository/org/ow2/asm/asm/9.3/asm-9.3.jar:/Users/zhaofn/.m2/repository/jakarta/xml/bind/jakarta.xml.bind-api/2.3.3/jakarta.xml.bind-api-2.3.3.jar:/Users/zhaofn/.m2/repository/jakarta/activation/jakarta.activation-api/1.2.2/jakarta.activation-api-1.2.2.jar:/Users/zhaofn/.m2/repository/org/assertj/assertj-core/3.22.0/assertj-core-3.22.0.jar:/Users/zhaofn/.m2/repository/org/hamcrest/hamcrest/2.2/hamcrest-2.2.jar:/Users/zhaofn/.m2/repository/org/junit/jupiter/junit-jupiter/5.8.2/junit-jupiter-5.8.2.jar:/Users/zhaofn/.m2/repository/org/junit/jupiter/junit-jupiter-api/5.8.2/junit-jupiter-api-5.8.2.jar:/Users/zhaofn/.m2/repository/org/opentest4j/opentest4j/1.2.0/opentest4j-1.2.0.jar:/Users/zhaofn/.m2/repository/org/junit/platform/junit-platform-commons/1.8.2/junit-platform-commons-1.8.2.jar:/Users/zhaofn/.m2/repository/org/apiguardian/apiguardian-api/1.1.2/apiguardian-api-1.1.2.jar:/Users/zhaofn/.m2/repository/org/junit/jupiter/junit-jupiter-params/5.8.2/junit-jupiter-params-5.8.2.jar:/Users/zhaofn/.m2/repository/org/junit/jupiter/junit-jupiter-engine/5.8.2/junit-jupiter-engine-5.8.2.jar:/Users/zhaofn/.m2/repository/org/junit/platform/junit-platform-engine/1.8.2/junit-platform-engine-1.8.2.jar:/Users/zhaofn/.m2/repository/org/mockito/mockito-core/4.5.1/mockito-core-4.5.1.jar:/Users/zhaofn/.m2/repository/net/bytebuddy/byte-buddy-agent/1.12.23/byte-buddy-agent-1.12.23.jar:/Users/zhaofn/.m2/repository/org/objenesis/objenesis/3.2/objenesis-3.2.jar:/Users/zhaofn/.m2/repository/org/mockito/mockito-junit-jupiter/4.5.1/mockito-junit-jupiter-4.5.1.jar:/Users/zhaofn/.m2/repository/org/skyscreamer/jsonassert/1.5.1/jsonassert-1.5.1.jar:/Users/zhaofn/.m2/repository/com/vaadin/external/google/android-json/0.0.20131108.vaadin1/android-json-0.0.20131108.vaadin1.jar:/Users/zhaofn/.m2/repository/org/springframework/spring-core/5.3.29/spring-core-5.3.29.jar:/Users/zhaofn/.m2/repository/org/springframework/spring-jcl/5.3.29/spring-jcl-5.3.29.jar:/Users/zhaofn/.m2/repository/org/springframework/spring-test/5.3.29/spring-test-5.3.29.jar:/Users/zhaofn/.m2/repository/org/xmlunit/xmlunit-core/2.9.1/xmlunit-core-2.9.1.jar:/Users/zhaofn/.m2/repository/org/springframework/security/spring-security-test/5.7.10/spring-security-test-5.7.10.jar:/Users/zhaofn/.m2/repository/org/springframework/security/spring-security-core/5.7.10/spring-security-core-5.7.10.jar:/Users/zhaofn/.m2/repository/org/springframework/security/spring-security-crypto/5.7.10/spring-security-crypto-5.7.10.jar:/Users/zhaofn/.m2/repository/io/jsonwebtoken/jjwt/0.9.1/jjwt-0.9.1.jar:/Users/zhaofn/.m2/repository/com/fasterxml/jackson/core/jackson-databind/2.13.5/jackson-databind-2.13.5.jar:/Users/zhaofn/.m2/repository/com/fasterxml/jackson/core/jackson-annotations/2.13.5/jackson-annotations-2.13.5.jar:/Users/zhaofn/.m2/repository/com/google/cloud/google-cloud-storage/2.22.2/google-cloud-storage-2.22.2.jar:/Users/zhaofn/.m2/repository/com/google/guava/guava/31.1-jre/guava-31.1-jre.jar:/Users/zhaofn/.m2/repository/com/google/guava/failureaccess/1.0.1/failureaccess-1.0.1.jar:/Users/zhaofn/.m2/repository/com/google/guava/listenablefuture/9999.0-empty-to-avoid-conflict-with-guava/listenablefuture-9999.0-empty-to-avoid-conflict-with-guava.jar:/Users/zhaofn/.m2/repository/com/google/errorprone/error_prone_annotations/2.18.0/error_prone_annotations-2.18.0.jar:/Users/zhaofn/.m2/repository/com/google/j2objc/j2objc-annotations/1.3/j2objc-annotations-1.3.jar:/Users/zhaofn/.m2/repository/com/google/http-client/google-http-client/1.43.1/google-http-client-1.43.1.jar:/Users/zhaofn/.m2/repository/io/opencensus/opencensus-contrib-http-util/0.31.1/opencensus-contrib-http-util-0.31.1.jar:/Users/zhaofn/.m2/repository/com/google/http-client/google-http-client-jackson2/1.43.1/google-http-client-jackson2-1.43.1.jar:/Users/zhaofn/.m2/repository/com/google/http-client/google-http-client-gson/1.43.1/google-http-client-gson-1.43.1.jar:/Users/zhaofn/.m2/repository/com/google/api-client/google-api-client/2.2.0/google-api-client-2.2.0.jar:/Users/zhaofn/.m2/repository/commons-codec/commons-codec/1.15/commons-codec-1.15.jar:/Users/zhaofn/.m2/repository/com/google/oauth-client/google-oauth-client/1.34.1/google-oauth-client-1.34.1.jar:/Users/zhaofn/.m2/repository/com/google/http-client/google-http-client-apache-v2/1.43.1/google-http-client-apache-v2-1.43.1.jar:/Users/zhaofn/.m2/repository/com/google/apis/google-api-services-storage/v1-rev20230301-2.0.0/google-api-services-storage-v1-rev20230301-2.0.0.jar:/Users/zhaofn/.m2/repository/com/google/code/gson/gson/2.9.1/gson-2.9.1.jar:/Users/zhaofn/.m2/repository/com/google/cloud/google-cloud-core/2.17.0/google-cloud-core-2.17.0.jar:/Users/zhaofn/.m2/repository/com/google/auto/value/auto-value-annotations/1.10.1/auto-value-annotations-1.10.1.jar:/Users/zhaofn/.m2/repository/com/google/cloud/google-cloud-core-http/2.17.0/google-cloud-core-http-2.17.0.jar:/Users/zhaofn/.m2/repository/com/google/http-client/google-http-client-appengine/1.43.1/google-http-client-appengine-1.43.1.jar:/Users/zhaofn/.m2/repository/com/google/api/gax-httpjson/0.112.0/gax-httpjson-0.112.0.jar:/Users/zhaofn/.m2/repository/com/google/cloud/google-cloud-core-grpc/2.17.0/google-cloud-core-grpc-2.17.0.jar:/Users/zhaofn/.m2/repository/com/google/api/gax/2.27.0/gax-2.27.0.jar:/Users/zhaofn/.m2/repository/com/google/api/gax-grpc/2.27.0/gax-grpc-2.27.0.jar:/Users/zhaofn/.m2/repository/io/grpc/grpc-alts/1.54.0/grpc-alts-1.54.0.jar:/Users/zhaofn/.m2/repository/io/grpc/grpc-grpclb/1.54.0/grpc-grpclb-1.54.0.jar:/Users/zhaofn/.m2/repository/org/conscrypt/conscrypt-openjdk-uber/2.5.2/conscrypt-openjdk-uber-2.5.2.jar:/Users/zhaofn/.m2/repository/io/grpc/grpc-auth/1.54.0/grpc-auth-1.54.0.jar:/Users/zhaofn/.m2/repository/io/grpc/grpc-protobuf/1.54.0/grpc-protobuf-1.54.0.jar:/Users/zhaofn/.m2/repository/io/grpc/grpc-protobuf-lite/1.54.0/grpc-protobuf-lite-1.54.0.jar:/Users/zhaofn/.m2/repository/com/google/auth/google-auth-library-credentials/1.16.0/google-auth-library-credentials-1.16.0.jar:/Users/zhaofn/.m2/repository/com/google/auth/google-auth-library-oauth2-http/1.16.0/google-auth-library-oauth2-http-1.16.0.jar:/Users/zhaofn/.m2/repository/com/google/api/api-common/2.10.0/api-common-2.10.0.jar:/Users/zhaofn/.m2/repository/javax/annotation/javax.annotation-api/1.3.2/javax.annotation-api-1.3.2.jar:/Users/zhaofn/.m2/repository/io/opencensus/opencensus-api/0.31.1/opencensus-api-0.31.1.jar:/Users/zhaofn/.m2/repository/io/grpc/grpc-context/1.54.0/grpc-context-1.54.0.jar:/Users/zhaofn/.m2/repository/com/google/api/grpc/proto-google-iam-v1/1.13.0/proto-google-iam-v1-1.13.0.jar:/Users/zhaofn/.m2/repository/com/google/protobuf/protobuf-java/3.21.12/protobuf-java-3.21.12.jar:/Users/zhaofn/.m2/repository/com/google/protobuf/protobuf-java-util/3.21.12/protobuf-java-util-3.21.12.jar:/Users/zhaofn/.m2/repository/com/google/api/grpc/proto-google-common-protos/2.18.0/proto-google-common-protos-2.18.0.jar:/Users/zhaofn/.m2/repository/org/threeten/threetenbp/1.6.8/threetenbp-1.6.8.jar:/Users/zhaofn/.m2/repository/com/google/api/grpc/proto-google-cloud-storage-v2/2.22.2-alpha/proto-google-cloud-storage-v2-2.22.2-alpha.jar:/Users/zhaofn/.m2/repository/com/google/api/grpc/grpc-google-cloud-storage-v2/2.22.2-alpha/grpc-google-cloud-storage-v2-2.22.2-alpha.jar:/Users/zhaofn/.m2/repository/com/google/api/grpc/gapic-google-cloud-storage-v2/2.22.2-alpha/gapic-google-cloud-storage-v2-2.22.2-alpha.jar:/Users/zhaofn/.m2/repository/com/fasterxml/jackson/core/jackson-core/2.13.5/jackson-core-2.13.5.jar:/Users/zhaofn/.m2/repository/com/google/code/findbugs/jsr305/3.0.2/jsr305-3.0.2.jar:/Users/zhaofn/.m2/repository/io/grpc/grpc-api/1.54.0/grpc-api-1.54.0.jar:/Users/zhaofn/.m2/repository/io/grpc/grpc-netty-shaded/1.54.0/grpc-netty-shaded-1.54.0.jar:/Users/zhaofn/.m2/repository/io/perfmark/perfmark-api/0.26.0/perfmark-api-0.26.0.jar:/Users/zhaofn/.m2/repository/io/grpc/grpc-core/1.54.0/grpc-core-1.54.0.jar:/Users/zhaofn/.m2/repository/com/google/android/annotations/4.1.1.4/annotations-4.1.1.4.jar:/Users/zhaofn/.m2/repository/org/codehaus/mojo/animal-sniffer-annotations/1.23/animal-sniffer-annotations-1.23.jar:/Users/zhaofn/.m2/repository/io/grpc/grpc-stub/1.54.0/grpc-stub-1.54.0.jar:/Users/zhaofn/.m2/repository/io/grpc/grpc-googleapis/1.54.0/grpc-googleapis-1.54.0.jar:/Users/zhaofn/.m2/repository/org/checkerframework/checker-qual/3.32.0/checker-qual-3.32.0.jar:/Users/zhaofn/.m2/repository/io/grpc/grpc-xds/1.54.0/grpc-xds-1.54.0.jar:/Users/zhaofn/.m2/repository/io/opencensus/opencensus-proto/0.2.0/opencensus-proto-0.2.0.jar:/Users/zhaofn/.m2/repository/io/grpc/grpc-services/1.54.0/grpc-services-1.54.0.jar:/Users/zhaofn/.m2/repository/com/google/re2j/re2j/1.6/re2j-1.6.jar:/Users/zhaofn/.m2/repository/io/grpc/grpc-rls/1.54.0/grpc-rls-1.54.0.jar:/Users/zhaofn/.m2/repository/org/springframework/boot/spring-boot-starter-data-elasticsearch/2.7.14/spring-boot-starter-data-elasticsearch-2.7.14.jar:/Users/zhaofn/.m2/repository/org/springframework/data/spring-data-elasticsearch/4.4.14/spring-data-elasticsearch-4.4.14.jar:/Users/zhaofn/.m2/repository/org/elasticsearch/client/elasticsearch-rest-high-level-client/7.17.11/elasticsearch-rest-high-level-client-7.17.11.jar:/Users/zhaofn/.m2/repository/org/elasticsearch/elasticsearch/7.17.11/elasticsearch-7.17.11.jar:/Users/zhaofn/.m2/repository/org/elasticsearch/elasticsearch-core/7.17.11/elasticsearch-core-7.17.11.jar:/Users/zhaofn/.m2/repository/org/elasticsearch/elasticsearch-secure-sm/7.17.11/elasticsearch-secure-sm-7.17.11.jar:/Users/zhaofn/.m2/repository/org/elasticsearch/elasticsearch-x-content/7.17.11/elasticsearch-x-content-7.17.11.jar:/Users/zhaofn/.m2/repository/com/fasterxml/jackson/dataformat/jackson-dataformat-smile/2.13.5/jackson-dataformat-smile-2.13.5.jar:/Users/zhaofn/.m2/repository/com/fasterxml/jackson/dataformat/jackson-dataformat-yaml/2.13.5/jackson-dataformat-yaml-2.13.5.jar:/Users/zhaofn/.m2/repository/com/fasterxml/jackson/dataformat/jackson-dataformat-cbor/2.13.5/jackson-dataformat-cbor-2.13.5.jar:/Users/zhaofn/.m2/repository/org/elasticsearch/elasticsearch-geo/7.17.11/elasticsearch-geo-7.17.11.jar:/Users/zhaofn/.m2/repository/org/elasticsearch/elasticsearch-lz4/7.17.11/elasticsearch-lz4-7.17.11.jar:/Users/zhaofn/.m2/repository/org/lz4/lz4-java/1.8.0/lz4-java-1.8.0.jar:/Users/zhaofn/.m2/repository/org/apache/lucene/lucene-core/8.11.1/lucene-core-8.11.1.jar:/Users/zhaofn/.m2/repository/org/apache/lucene/lucene-analyzers-common/8.11.1/lucene-analyzers-common-8.11.1.jar:/Users/zhaofn/.m2/repository/org/apache/lucene/lucene-backward-codecs/8.11.1/lucene-backward-codecs-8.11.1.jar:/Users/zhaofn/.m2/repository/org/apache/lucene/lucene-grouping/8.11.1/lucene-grouping-8.11.1.jar:/Users/zhaofn/.m2/repository/org/apache/lucene/lucene-highlighter/8.11.1/lucene-highlighter-8.11.1.jar:/Users/zhaofn/.m2/repository/org/apache/lucene/lucene-join/8.11.1/lucene-join-8.11.1.jar:/Users/zhaofn/.m2/repository/org/apache/lucene/lucene-memory/8.11.1/lucene-memory-8.11.1.jar:/Users/zhaofn/.m2/repository/org/apache/lucene/lucene-misc/8.11.1/lucene-misc-8.11.1.jar:/Users/zhaofn/.m2/repository/org/apache/lucene/lucene-queries/8.11.1/lucene-queries-8.11.1.jar:/Users/zhaofn/.m2/repository/org/apache/lucene/lucene-queryparser/8.11.1/lucene-queryparser-8.11.1.jar:/Users/zhaofn/.m2/repository/org/apache/lucene/lucene-sandbox/8.11.1/lucene-sandbox-8.11.1.jar:/Users/zhaofn/.m2/repository/org/apache/lucene/lucene-spatial3d/8.11.1/lucene-spatial3d-8.11.1.jar:/Users/zhaofn/.m2/repository/org/apache/lucene/lucene-suggest/8.11.1/lucene-suggest-8.11.1.jar:/Users/zhaofn/.m2/repository/org/elasticsearch/elasticsearch-cli/7.17.11/elasticsearch-cli-7.17.11.jar:/Users/zhaofn/.m2/repository/net/sf/jopt-simple/jopt-simple/5.0.2/jopt-simple-5.0.2.jar:/Users/zhaofn/.m2/repository/com/carrotsearch/hppc/0.8.1/hppc-0.8.1.jar:/Users/zhaofn/.m2/repository/joda-time/joda-time/2.10.10/joda-time-2.10.10.jar:/Users/zhaofn/.m2/repository/com/tdunning/t-digest/3.2/t-digest-3.2.jar:/Users/zhaofn/.m2/repository/org/hdrhistogram/HdrHistogram/2.1.9/HdrHistogram-2.1.9.jar:/Users/zhaofn/.m2/repository/net/java/dev/jna/jna/5.10.0/jna-5.10.0.jar:/Users/zhaofn/.m2/repository/org/elasticsearch/elasticsearch-plugin-classloader/7.17.11/elasticsearch-plugin-classloader-7.17.11.jar:/Users/zhaofn/.m2/repository/org/elasticsearch/plugin/mapper-extras-client/7.17.11/mapper-extras-client-7.17.11.jar:/Users/zhaofn/.m2/repository/org/elasticsearch/plugin/parent-join-client/7.17.11/parent-join-client-7.17.11.jar:/Users/zhaofn/.m2/repository/org/elasticsearch/plugin/aggs-matrix-stats-client/7.17.11/aggs-matrix-stats-client-7.17.11.jar:/Users/zhaofn/.m2/repository/org/elasticsearch/plugin/rank-eval-client/7.17.11/rank-eval-client-7.17.11.jar:/Users/zhaofn/.m2/repository/org/elasticsearch/plugin/lang-mustache-client/7.17.11/lang-mustache-client-7.17.11.jar:/Users/zhaofn/.m2/repository/com/github/spullara/mustache/java/compiler/0.9.6/compiler-0.9.6.jar:/Users/zhaofn/.m2/repository/co/elastic/clients/elasticsearch-java/7.17.9/elasticsearch-java-7.17.9.jar:/Users/zhaofn/.m2/repository/jakarta/json/jakarta.json-api/1.1.6/jakarta.json-api-1.1.6.jar:/Users/zhaofn/.m2/repository/org/eclipse/parsson/parsson/1.0.0/parsson-1.0.0.jar:/Users/zhaofn/.m2/repository/org/elasticsearch/client/elasticsearch-rest-client/7.17.11/elasticsearch-rest-client-7.17.11.jar:/Users/zhaofn/.m2/repository/org/apache/httpcomponents/httpclient/4.5.14/httpclient-4.5.14.jar:/Users/zhaofn/.m2/repository/org/apache/httpcomponents/httpcore/4.4.16/httpcore-4.4.16.jar:/Users/zhaofn/.m2/repository/org/apache/httpcomponents/httpasyncclient/4.1.5/httpasyncclient-4.1.5.jar:/Users/zhaofn/.m2/repository/org/apache/httpcomponents/httpcore-nio/4.4.16/httpcore-nio-4.4.16.jar:/Users/zhaofn/.m2/repository/com/google/maps/google-maps-services/0.18.1/google-maps-services-0.18.1.jar:/Users/zhaofn/.m2/repository/com/squareup/okhttp3/okhttp/4.9.3/okhttp-4.9.3.jar:/Users/zhaofn/.m2/repository/com/squareup/okio/okio/2.8.0/okio-2.8.0.jar:/Users/zhaofn/.m2/repository/org/jetbrains/kotlin/kotlin-stdlib-common/1.6.21/kotlin-stdlib-common-1.6.21.jar:/Users/zhaofn/.m2/repository/org/jetbrains/kotlin/kotlin-stdlib/1.6.21/kotlin-stdlib-1.6.21.jar:/Users/zhaofn/.m2/repository/org/jetbrains/annotations/13.0/annotations-13.0.jar:/Users/zhaofn/.m2/repository/org/slf4j/slf4j-api/1.7.36/slf4j-api-1.7.36.jar:"/>
    <property name="sun.cpu.endian" value="little"/>
    <property name="user.home" value="/Users/zhaofn"/>
    <property name="user.language" value="en"/>
    <property name="java.specification.vendor" value="Oracle Corporation"/>
    <property name="java.version.date" value="2023-04-18"/>
    <property name="java.home" value="/Users/zhaofn/Library/Java/JavaVirtualMachines/corretto-17.0.7/Contents/Home"/>
    <property name="file.separator" value="/"/>
    <property name="basedir" value="/Users/zhaofn/IdeaProjects/staybooking"/>
    <property name="java.vm.compressedOopsMode" value="Zero based"/>
    <property name="line.separator" value="&#10;"/>
    <property name="java.vm.specification.vendor" value="Oracle Corporation"/>
    <property name="java.specification.name" value="Java Platform API Specification"/>
    <property name="surefire.real.class.path" value="/Users/zhaofn/IdeaProjects/staybooking/target/surefire/surefirebooter5669570896917535369.jar"/>
    <property name="sun.management.compiler" value="HotSpot 64-Bit Tiered Compilers"/>
    <property name="ftp.nonProxyHosts" value="local|*.local|169.254/16|*.169.254/16"/>
    <property name="java.runtime.version" value="17.0.7+7-LTS"/>
    <property name="user.name" value="zhaofn"/>
    <property name="path.separator" value=":"/>
    <property name="os.version" value="13.0"/>
    <property name="java.runtime.name" value="OpenJDK Runtime Environment"/>
    <property name="file.encoding" value="UTF-8"/>
    <property name="java.vm.name" value="OpenJDK 64-Bit Server VM"/>
    <property name="java.vendor.version" value="Corretto-17.0.7.7.1"/>
    <property name="localRepository" value="/Users/zhaofn/.m2/repository"/>
    <property name="java.vendor.url.bug" value="https://github.com/corretto/corretto-17/issues/"/>
    <property name="java.io.tmpdir" value="/var/folders/r4/s4xv249921j9kztvlvl42v600000gn/T/"/>
    <property name="idea.version" value="2022.2.3"/>
    <property name="java.version" value="17.0.7"/>
    <property name="user.dir" value="/Users/zhaofn/IdeaProjects/staybooking"/>
    <property name="os.arch" value="aarch64"/>
    <property name="java.vm.specification.name" value="Java Virtual Machine Specification"/>
    <property name="native.encoding" value="UTF-8"/>
    <property name="java.library.path" value="/Users/zhaofn/Library/Java/Extensions:/Library/Java/Extensions:/Network/Library/Java/Extensions:/System/Library/Java/Extensions:/usr/lib/java:."/>
    <property name="java.vm.info" value="mixed mode, sharing"/>
    <property name="java.vendor" value="Amazon.com Inc."/>
    <property name="java.vm.version" value="17.0.7+7-LTS"/>
    <property name="sun.io.unicode.encoding" value="UnicodeBig"/>
    <property name="socksNonProxyHosts" value="local|*.local|169.254/16|*.169.254/16"/>
    <property name="java.class.version" value="61.0"/>
  </properties>
  <testcase name="contextLoads" classname="com.laioffer.staybooking.StaybookingApplicationTests" time="0.073"/>
</testsuite>